<?xml version="1.0" encoding="UTF-8"?>
<robot generator="Robot 6.0.2 (Python 3.11.2 on win32)" generated="20230221 21:01:02.495" rpa="false" schemaversion="3">
<suite id="s1" name="Frames" source="C:\Users\CSP\PycharmProjects\Automation_Tutorial\RobotAutomation\Frames.robot">
<test id="s1-t1" name="TestingFrame" line="9">
<kw name="Open Browser" library="SeleniumLibrary">
<arg>${url}</arg>
<arg>${browser}</arg>
<doc>Opens a new browser instance to the optional ``url``.</doc>
<msg timestamp="20230221 21:01:03.333" level="INFO">Opening browser 'chrome' to base url 'https://www.selenium.dev/selenium/docs/api/java/index.html?overview-summary.html'.</msg>
<status status="PASS" starttime="20230221 21:01:03.333" endtime="20230221 21:01:07.815"/>
</kw>
<kw name="Maximize Browser Window" library="SeleniumLibrary">
<doc>Maximizes current browser window.</doc>
<status status="PASS" starttime="20230221 21:01:07.815" endtime="20230221 21:01:07.969"/>
</kw>
<kw name="Set Selenium Speed" library="SeleniumLibrary">
<arg>2</arg>
<doc>Sets the delay that is waited after each Selenium command.</doc>
<status status="PASS" starttime="20230221 21:01:07.977" endtime="20230221 21:01:07.977"/>
</kw>
<kw name="Select Frame" library="SeleniumLibrary">
<arg>packageListFrame</arg>
<doc>Sets frame identified by ``locator`` as the current frame.</doc>
<msg timestamp="20230221 21:01:07.977" level="INFO">Selecting frame 'packageListFrame'.</msg>
<status status="PASS" starttime="20230221 21:01:07.977" endtime="20230221 21:01:12.085"/>
</kw>
<kw name="Click Element" library="SeleniumLibrary">
<arg>xpath://a[contains(text(),'org.openqa.selenium.chrome')]</arg>
<doc>Click the element identified by ``locator``.</doc>
<msg timestamp="20230221 21:01:12.085" level="INFO">Clicking element 'xpath://a[contains(text(),'org.openqa.selenium.chrome')]'.</msg>
<status status="PASS" starttime="20230221 21:01:12.085" endtime="20230221 21:01:16.257"/>
</kw>
<kw name="Unselect Frame" library="SeleniumLibrary">
<doc>Sets the main frame as the current frame.</doc>
<status status="PASS" starttime="20230221 21:01:16.257" endtime="20230221 21:01:18.263"/>
</kw>
<kw name="Select Frame" library="SeleniumLibrary">
<arg>packageFrame</arg>
<doc>Sets frame identified by ``locator`` as the current frame.</doc>
<msg timestamp="20230221 21:01:18.266" level="INFO">Selecting frame 'packageFrame'.</msg>
<status status="PASS" starttime="20230221 21:01:18.263" endtime="20230221 21:01:22.332"/>
</kw>
<kw name="Click Element" library="SeleniumLibrary">
<arg>xpath://a[contains(text(),'AddHasCasting')]</arg>
<doc>Click the element identified by ``locator``.</doc>
<msg timestamp="20230221 21:01:22.335" level="INFO">Clicking element 'xpath://a[contains(text(),'AddHasCasting')]'.</msg>
<status status="PASS" starttime="20230221 21:01:22.333" endtime="20230221 21:01:26.502"/>
</kw>
<kw name="Unselect Frame" library="SeleniumLibrary">
<doc>Sets the main frame as the current frame.</doc>
<status status="PASS" starttime="20230221 21:01:26.502" endtime="20230221 21:01:28.510"/>
</kw>
<kw name="Select Frame" library="SeleniumLibrary">
<arg>classFrame</arg>
<doc>Sets frame identified by ``locator`` as the current frame.</doc>
<msg timestamp="20230221 21:01:28.513" level="INFO">Selecting frame 'classFrame'.</msg>
<status status="PASS" starttime="20230221 21:01:28.510" endtime="20230221 21:01:32.575"/>
</kw>
<kw name="Click Link" library="SeleniumLibrary">
<arg>Index</arg>
<doc>Clicks a link identified by ``locator``.</doc>
<msg timestamp="20230221 21:01:32.576" level="INFO">Clicking link 'Index'.</msg>
<status status="PASS" starttime="20230221 21:01:32.575" endtime="20230221 21:01:40.697"/>
</kw>
<status status="PASS" starttime="20230221 21:01:03.333" endtime="20230221 21:01:40.697"/>
</test>
<status status="PASS" starttime="20230221 21:01:02.495" endtime="20230221 21:01:40.697"/>
</suite>
<statistics>
<total>
<stat pass="1" fail="0" skip="0">All Tests</stat>
</total>
<tag>
</tag>
<suite>
<stat pass="1" fail="0" skip="0" id="s1" name="Frames">Frames</stat>
</suite>
</statistics>
<errors>
</errors>
</robot>
