<?xml version="1.0" encoding="UTF-8"?>
<robot generator="Robot 6.0.2 (Python 3.11.1 on win32)" generated="20230209 23:47:15.672" rpa="true" schemaversion="3">
<suite id="s1" name="ForLoop Demo" source="C:\Users\shakharc\PycharmProjects\pythonProject\RobotAutomation\ForLoop_Demo_.robot">
<test id="s1-t1" name="ForLoop3withlist" line="13">
<kw name="Create List" library="BuiltIn">
<var>@{items}</var>
<arg>1</arg>
<arg>2</arg>
<arg>3</arg>
<arg>${4}</arg>
<arg>5</arg>
<doc>Returns a list containing given items.</doc>
<msg timestamp="20230209 23:47:15.694" level="INFO">@{items} = [ 1 | 2 | 3 | 4 | 5 ]</msg>
<status status="PASS" starttime="20230209 23:47:15.693" endtime="20230209 23:47:15.694"/>
</kw>
<for flavor="IN">
<var>${i}</var>
<value>@{items}</value>
<iter>
<var name="${i}">1</var>
<kw name="Log To Console" library="BuiltIn">
<arg>${i}</arg>
<doc>Logs the given message to the console.</doc>
<status status="PASS" starttime="20230209 23:47:15.694" endtime="20230209 23:47:15.695"/>
</kw>
<kw name="Exit For Loop If" library="BuiltIn">
<arg>${i}==4</arg>
<doc>Stops executing the enclosing FOR loop if the ``condition`` is true.</doc>
<status status="PASS" starttime="20230209 23:47:15.695" endtime="20230209 23:47:15.695"/>
</kw>
<status status="PASS" starttime="20230209 23:47:15.694" endtime="20230209 23:47:15.695"/>
</iter>
<iter>
<var name="${i}">2</var>
<kw name="Log To Console" library="BuiltIn">
<arg>${i}</arg>
<doc>Logs the given message to the console.</doc>
<status status="PASS" starttime="20230209 23:47:15.696" endtime="20230209 23:47:15.696"/>
</kw>
<kw name="Exit For Loop If" library="BuiltIn">
<arg>${i}==4</arg>
<doc>Stops executing the enclosing FOR loop if the ``condition`` is true.</doc>
<status status="PASS" starttime="20230209 23:47:15.696" endtime="20230209 23:47:15.696"/>
</kw>
<status status="PASS" starttime="20230209 23:47:15.696" endtime="20230209 23:47:15.696"/>
</iter>
<iter>
<var name="${i}">3</var>
<kw name="Log To Console" library="BuiltIn">
<arg>${i}</arg>
<doc>Logs the given message to the console.</doc>
<status status="PASS" starttime="20230209 23:47:15.697" endtime="20230209 23:47:15.697"/>
</kw>
<kw name="Exit For Loop If" library="BuiltIn">
<arg>${i}==4</arg>
<doc>Stops executing the enclosing FOR loop if the ``condition`` is true.</doc>
<status status="PASS" starttime="20230209 23:47:15.697" endtime="20230209 23:47:15.698"/>
</kw>
<status status="PASS" starttime="20230209 23:47:15.697" endtime="20230209 23:47:15.698"/>
</iter>
<iter>
<var name="${i}">4</var>
<kw name="Log To Console" library="BuiltIn">
<arg>${i}</arg>
<doc>Logs the given message to the console.</doc>
<status status="PASS" starttime="20230209 23:47:15.698" endtime="20230209 23:47:15.698"/>
</kw>
<kw name="Exit For Loop If" library="BuiltIn">
<arg>${i}==4</arg>
<doc>Stops executing the enclosing FOR loop if the ``condition`` is true.</doc>
<msg timestamp="20230209 23:47:15.698" level="INFO">Exiting for loop altogether.</msg>
<status status="PASS" starttime="20230209 23:47:15.698" endtime="20230209 23:47:15.699"/>
</kw>
<status status="PASS" starttime="20230209 23:47:15.698" endtime="20230209 23:47:15.699"/>
</iter>
<status status="PASS" starttime="20230209 23:47:15.694" endtime="20230209 23:47:15.699"/>
</for>
<status status="PASS" starttime="20230209 23:47:15.692" endtime="20230209 23:47:15.699"/>
</test>
<status status="PASS" starttime="20230209 23:47:15.673" endtime="20230209 23:47:15.701"/>
</suite>
<statistics>
<total>
<stat pass="1" fail="0" skip="0">All Tasks</stat>
</total>
<tag>
</tag>
<suite>
<stat pass="1" fail="0" skip="0" id="s1" name="ForLoop Demo">ForLoop Demo</stat>
</suite>
</statistics>
<errors>
</errors>
</robot>
